LTIC000141 date="01-01-2018" time="14:43:51" component="Config" type="1" Message="User requested to test Autodiscover"
LTIC000141 date="01-01-2018" time="14:43:51" component="Config" type="1" Message="User defined url is https://lyncdiscover.skype4badmin.com"
LTIC000141 date="01-01-2018" time="14:43:51" component="Config" type="1" Message="Invoking webrequest"
LTIC000141 date="01-01-2018" time="14:43:52" component="Config" type="3" Message="Something went wrong getting to the AutoDiscover URL or the data was bad"
LTIC000141 date="01-01-2018" time="14:43:52" component="Config" type="1" Message="Setting button red"
LTIC000141 date="01-01-2018" time="14:43:53" component="Config" type="1" Message="User requested to test Autodiscover"
LTIC000141 date="01-01-2018" time="14:43:53" component="Config" type="1" Message="User defined url is https://lyncdiscover.skype4badmin.com"
LTIC000141 date="01-01-2018" time="14:43:53" component="Config" type="1" Message="Invoking webrequest"
LTIC000141 date="01-01-2018" time="14:43:53" component="Config" type="3" Message="Something went wrong getting to the AutoDiscover URL or the data was bad"
LTIC000141 date="01-01-2018" time="14:43:53" component="Config" type="1" Message="Setting button red"
LTIC000141 date="01-01-2018" time="14:52:21" component="Config" type="1" Message="Autodiscover URL changed"
LTIC000141 date="01-01-2018" time="14:52:22" component="Config" type="1" Message="Setting button yellow"
LTIC000141 date="01-01-2018" time="14:52:23" component="Config" type="1" Message="Autodiscover URL changed"
LTIC000141 date="01-01-2018" time="14:52:23" component="Config" type="1" Message="Setting button yellow"
LTIC000141 date="01-01-2018" time="14:52:23" component="Config" type="1" Message="Autodiscover URL changed"
LTIC000141 date="01-01-2018" time="14:52:23" component="Config" type="1" Message="Setting button yellow"
LTIC000141 date="01-01-2018" time="14:52:24" component="Config" type="1" Message="Autodiscover URL changed"
LTIC000141 date="01-01-2018" time="14:52:24" component="Config" type="1" Message="Setting button yellow"
LTIC000141 date="01-01-2018" time="14:52:25" component="Config" type="1" Message="Autodiscover URL changed"
LTIC000141 date="01-01-2018" time="14:52:25" component="Config" type="1" Message="Setting button yellow"
LTIC000141 date="01-01-2018" time="14:52:26" component="Config" type="1" Message="Autodiscover URL changed"
LTIC000141 date="01-01-2018" time="14:52:26" component="Config" type="1" Message="Setting button yellow"
LTIC000141 date="01-01-2018" time="14:52:26" component="Config" type="1" Message="Autodiscover URL changed"
LTIC000141 date="01-01-2018" time="14:52:26" component="Config" type="1" Message="Setting button yellow"
LTIC000141 date="01-01-2018" time="14:52:26" component="Config" type="1" Message="Autodiscover URL changed"
LTIC000141 date="01-01-2018" time="14:52:26" component="Config" type="1" Message="Setting button yellow"
LTIC000141 date="01-01-2018" time="14:52:27" component="Config" type="1" Message="Autodiscover URL changed"
LTIC000141 date="01-01-2018" time="14:52:27" component="Config" type="1" Message="Setting button yellow"
LTIC000141 date="01-01-2018" time="14:52:27" component="Config" type="1" Message="Autodiscover URL changed"
LTIC000141 date="01-01-2018" time="14:52:27" component="Config" type="1" Message="Setting button yellow"
LTIC000141 date="01-01-2018" time="14:52:29" component="Config" type="1" Message="User requested to test Autodiscover"
LTIC000141 date="01-01-2018" time="14:52:29" component="Config" type="1" Message="User defined url is https://lyncdiscover.skype4badmin.com"
LTIC000141 date="01-01-2018" time="14:52:29" component="Config" type="1" Message="Invoking webrequest"
LTIC000141 date="01-01-2018" time="14:52:31" component="Config" type="3" Message="Something went wrong getting to the AutoDiscover URL or the data was bad"
LTIC000141 date="01-01-2018" time="14:52:31" component="Config" type="1" Message="Setting button red"
LTIC000141 date="01-01-2018" time="15:02:03" component="Config" type="1" Message="User requested to test Autodiscover"
LTIC000141 date="01-01-2018" time="15:02:03" component="Config" type="1" Message="User defined url is https://lyncdiscover.skype4badmin.com"
LTIC000141 date="01-01-2018" time="15:02:03" component="Config" type="1" Message="Invoking webrequest"
LTIC000141 date="01-01-2018" time="15:02:03" component="Config" type="3" Message="Something went wrong getting to the AutoDiscover URL or the data was bad"
LTIC000141 date="01-01-2018" time="15:02:03" component="Config" type="1" Message="Setting button red"
LTIC000141 date="01-01-2018" time="15:02:22" component="Config" type="1" Message="User requested to test Autodiscover"
LTIC000141 date="01-01-2018" time="15:02:22" component="Config" type="1" Message="User defined url is https://lyncdiscover.skype4badmin.com"
LTIC000141 date="01-01-2018" time="15:02:22" component="Config" type="1" Message="Invoking webrequest"
LTIC000141 date="01-01-2018" time="15:02:22" component="Config" type="3" Message="Something went wrong getting to the AutoDiscover URL or the data was bad"
LTIC000141 date="01-01-2018" time="15:02:22" component="Config" type="1" Message="Setting button red"
LTIC000141 date="01-01-2018" time="15:03:50" component="Config" type="1" Message="Autodiscover URL changed"
LTIC000141 date="01-01-2018" time="15:03:50" component="Config" type="1" Message="Setting button yellow"
LTIC000141 date="01-01-2018" time="15:03:50" component="Config" type="1" Message="Autodiscover URL changed"
LTIC000141 date="01-01-2018" time="15:03:50" component="Config" type="1" Message="Setting button yellow"
LTIC000141 date="01-01-2018" time="15:03:50" component="Config" type="1" Message="Autodiscover URL changed"
LTIC000141 date="01-01-2018" time="15:03:50" component="Config" type="1" Message="Setting button yellow"
LTIC000141 date="01-01-2018" time="15:03:51" component="Config" type="1" Message="Autodiscover URL changed"
LTIC000141 date="01-01-2018" time="15:03:51" component="Config" type="1" Message="Setting button yellow"
LTIC000141 date="01-01-2018" time="15:03:51" component="Config" type="1" Message="Autodiscover URL changed"
LTIC000141 date="01-01-2018" time="15:03:51" component="Config" type="1" Message="Setting button yellow"
LTIC000141 date="01-01-2018" time="15:03:51" component="Config" type="1" Message="Autodiscover URL changed"
LTIC000141 date="01-01-2018" time="15:03:51" component="Config" type="1" Message="Setting button yellow"
LTIC000141 date="01-01-2018" time="15:03:51" component="Config" type="1" Message="Autodiscover URL changed"
LTIC000141 date="01-01-2018" time="15:03:51" component="Config" type="1" Message="Setting button yellow"
LTIC000141 date="01-01-2018" time="15:03:51" component="Config" type="1" Message="Autodiscover URL changed"
LTIC000141 date="01-01-2018" time="15:03:51" component="Config" type="1" Message="Setting button yellow"
LTIC000141 date="01-01-2018" time="15:03:51" component="Config" type="1" Message="Autodiscover URL changed"
LTIC000141 date="01-01-2018" time="15:03:51" component="Config" type="1" Message="Setting button yellow"
LTIC000141 date="01-01-2018" time="15:03:51" component="Config" type="1" Message="Autodiscover URL changed"
LTIC000141 date="01-01-2018" time="15:03:52" component="Config" type="1" Message="Setting button yellow"
LTIC000141 date="01-01-2018" time="15:03:52" component="Config" type="1" Message="Autodiscover URL changed"
LTIC000141 date="01-01-2018" time="15:03:52" component="Config" type="1" Message="Setting button yellow"
LTIC000141 date="01-01-2018" time="15:03:52" component="Config" type="1" Message="Autodiscover URL changed"
LTIC000141 date="01-01-2018" time="15:03:52" component="Config" type="1" Message="Setting button yellow"
LTIC000141 date="01-01-2018" time="15:03:52" component="Config" type="1" Message="Autodiscover URL changed"
LTIC000141 date="01-01-2018" time="15:03:52" component="Config" type="1" Message="Setting button yellow"
LTIC000141 date="01-01-2018" time="15:03:52" component="Config" type="1" Message="Autodiscover URL changed"
LTIC000141 date="01-01-2018" time="15:03:52" component="Config" type="1" Message="Setting button yellow"
LTIC000141 date="01-01-2018" time="15:03:55" component="Config" type="1" Message="User requested to test Autodiscover"
LTIC000141 date="01-01-2018" time="15:03:55" component="Config" type="1" Message="User defined url is https://lyncdiscover.icomm.com.au"
LTIC000141 date="01-01-2018" time="15:03:55" component="Config" type="1" Message="Invoking webrequest"
LTIC000141 date="01-01-2018" time="15:03:55" component="Config" type="1" Message="got data, parsing"
LTIC000141 date="01-01-2018" time="15:03:55" component="Config" type="1" Message="Found BaseURL https://webcomp2.icomm.com.au"
LTIC000141 date="01-01-2018" time="15:03:55" component="Config" type="1" Message="Found OauthURL https://webcomp2.icomm.com.au/Autodiscover/AutodiscoverService.svc/root/oauth/user?originalDomain=icomm.com.au"
LTIC000141 date="01-01-2018" time="15:03:55" component="Config" type="1" Message="Looking good. Setting button green"
LTIC000141 date="01-01-2018" time="15:03:55" component="Config" type="3" Message="Something went wrong getting to the AutoDiscover URL or the data was bad"
LTIC000141 date="01-01-2018" time="15:03:55" component="Config" type="1" Message="Setting button red"
LTIC000141 date="01-01-2018" time="15:04:20" component="Config" type="1" Message="User requested to test Autodiscover"
LTIC000141 date="01-01-2018" time="15:04:20" component="Config" type="1" Message="User defined url is https://lyncdiscover.skype4badmin.com"
LTIC000141 date="01-01-2018" time="15:04:20" component="Config" type="1" Message="Invoking webrequest"
LTIC000141 date="01-01-2018" time="15:04:20" component="Config" type="3" Message="Something went wrong getting to the AutoDiscover URL or the data was bad"
LTIC000141 date="01-01-2018" time="15:04:20" component="Config" type="1" Message="Setting button red"
LTIC000141 date="01-01-2018" time="15:04:26" component="Config" type="1" Message="Autodiscover URL changed"
LTIC000141 date="01-01-2018" time="15:04:26" component="Config" type="1" Message="Setting button yellow"
LTIC000141 date="01-01-2018" time="15:04:27" component="Config" type="1" Message="Autodiscover URL changed"
LTIC000141 date="01-01-2018" time="15:04:27" component="Config" type="1" Message="Setting button yellow"
LTIC000141 date="01-01-2018" time="15:04:27" component="Config" type="1" Message="Autodiscover URL changed"
LTIC000141 date="01-01-2018" time="15:04:27" component="Config" type="1" Message="Setting button yellow"
LTIC000141 date="01-01-2018" time="15:04:27" component="Config" type="1" Message="Autodiscover URL changed"
LTIC000141 date="01-01-2018" time="15:04:27" component="Config" type="1" Message="Setting button yellow"
LTIC000141 date="01-01-2018" time="15:04:27" component="Config" type="1" Message="Autodiscover URL changed"
LTIC000141 date="01-01-2018" time="15:04:27" component="Config" type="1" Message="Setting button yellow"
LTIC000141 date="01-01-2018" time="15:04:27" component="Config" type="1" Message="Autodiscover URL changed"
LTIC000141 date="01-01-2018" time="15:04:27" component="Config" type="1" Message="Setting button yellow"
LTIC000141 date="01-01-2018" time="15:04:27" component="Config" type="1" Message="Autodiscover URL changed"
LTIC000141 date="01-01-2018" time="15:04:27" component="Config" type="1" Message="Setting button yellow"
LTIC000141 date="01-01-2018" time="15:04:27" component="Config" type="1" Message="Autodiscover URL changed"
LTIC000141 date="01-01-2018" time="15:04:27" component="Config" type="1" Message="Setting button yellow"
LTIC000141 date="01-01-2018" time="15:04:28" component="Config" type="1" Message="Autodiscover URL changed"
LTIC000141 date="01-01-2018" time="15:04:28" component="Config" type="1" Message="Setting button yellow"
LTIC000141 date="01-01-2018" time="15:04:28" component="Config" type="1" Message="Autodiscover URL changed"
LTIC000141 date="01-01-2018" time="15:04:28" component="Config" type="1" Message="Setting button yellow"
LTIC000141 date="01-01-2018" time="15:04:28" component="Config" type="1" Message="Autodiscover URL changed"
LTIC000141 date="01-01-2018" time="15:04:28" component="Config" type="1" Message="Setting button yellow"
LTIC000141 date="01-01-2018" time="15:04:28" component="Config" type="1" Message="Autodiscover URL changed"
LTIC000141 date="01-01-2018" time="15:04:28" component="Config" type="1" Message="Setting button yellow"
LTIC000141 date="01-01-2018" time="15:04:28" component="Config" type="1" Message="Autodiscover URL changed"
LTIC000141 date="01-01-2018" time="15:04:28" component="Config" type="1" Message="Setting button yellow"
LTIC000141 date="01-01-2018" time="15:04:30" component="Config" type="1" Message="User requested to test Autodiscover"
LTIC000141 date="01-01-2018" time="15:04:30" component="Config" type="1" Message="User defined url is https://lyncdiscover.icomm.com.au"
LTIC000141 date="01-01-2018" time="15:04:30" component="Config" type="1" Message="Invoking webrequest"
LTIC000141 date="01-01-2018" time="15:04:30" component="Config" type="1" Message="got data, parsing"
LTIC000141 date="01-01-2018" time="15:04:30" component="Config" type="1" Message="Found BaseURL https://webcomp2.icomm.com.au"
LTIC000141 date="01-01-2018" time="15:04:30" component="Config" type="1" Message="Found OauthURL https://webcomp2.icomm.com.au/Autodiscover/AutodiscoverService.svc/root/oauth/user?originalDomain=icomm.com.au"
LTIC000141 date="01-01-2018" time="15:04:30" component="Config" type="1" Message="Looking good. Setting button green"
LTIC000141 date="01-02-2018" time="13:57:28" component="Config" type="2" Message="Testing Autodiscover"
LTIC000141 date="01-02-2018" time="13:57:28" component="Config" type="1" Message="User defined url is https://lyncdiscover.skype4badmin.com"
LTIC000141 date="01-02-2018" time="13:57:28" component="Config" type="1" Message="Invoking webrequest"
LTIC000141 date="01-02-2018" time="13:57:29" component="Config" type="3" Message="Something went wrong getting to the AutoDiscover URL or the data was bad"
LTIC000141 date="01-02-2018" time="13:57:29" component="Config" type="1" Message="Setting button red"
LTIC000141 date="01-02-2018" time="13:57:47" component="Config" type="1" Message="Autodiscover URL changed"
LTIC000141 date="01-02-2018" time="13:57:47" component="Config" type="1" Message="Setting button yellow"
LTIC000141 date="01-02-2018" time="13:57:47" component="Config" type="1" Message="Autodiscover URL changed"
LTIC000141 date="01-02-2018" time="13:57:47" component="Config" type="1" Message="Setting button yellow"
LTIC000141 date="01-02-2018" time="13:57:47" component="Config" type="1" Message="Autodiscover URL changed"
LTIC000141 date="01-02-2018" time="13:57:47" component="Config" type="1" Message="Setting button yellow"
LTIC000141 date="01-02-2018" time="13:57:47" component="Config" type="1" Message="Autodiscover URL changed"
LTIC000141 date="01-02-2018" time="13:57:47" component="Config" type="1" Message="Setting button yellow"
LTIC000141 date="01-02-2018" time="13:57:47" component="Config" type="1" Message="Autodiscover URL changed"
LTIC000141 date="01-02-2018" time="13:57:48" component="Config" type="1" Message="Setting button yellow"
LTIC000141 date="01-02-2018" time="13:57:48" component="Config" type="1" Message="Autodiscover URL changed"
LTIC000141 date="01-02-2018" time="13:57:48" component="Config" type="1" Message="Setting button yellow"
LTIC000141 date="01-02-2018" time="13:57:48" component="Config" type="1" Message="Autodiscover URL changed"
LTIC000141 date="01-02-2018" time="13:57:48" component="Config" type="1" Message="Setting button yellow"
LTIC000141 date="01-02-2018" time="13:57:48" component="Config" type="1" Message="Autodiscover URL changed"
LTIC000141 date="01-02-2018" time="13:57:48" component="Config" type="1" Message="Setting button yellow"
LTIC000141 date="01-02-2018" time="13:57:48" component="Config" type="1" Message="Autodiscover URL changed"
LTIC000141 date="01-02-2018" time="13:57:48" component="Config" type="1" Message="Setting button yellow"
LTIC000141 date="01-02-2018" time="13:57:49" component="Config" type="1" Message="Autodiscover URL changed"
LTIC000141 date="01-02-2018" time="13:57:49" component="Config" type="1" Message="Setting button yellow"
LTIC000141 date="01-02-2018" time="13:57:49" component="Config" type="1" Message="Autodiscover URL changed"
LTIC000141 date="01-02-2018" time="13:57:49" component="Config" type="1" Message="Setting button yellow"
LTIC000141 date="01-02-2018" time="13:57:51" component="Config" type="1" Message="Autodiscover URL changed"
LTIC000141 date="01-02-2018" time="13:57:51" component="Config" type="1" Message="Setting button yellow"
LTIC000141 date="01-02-2018" time="13:57:51" component="Config" type="1" Message="Autodiscover URL changed"
LTIC000141 date="01-02-2018" time="13:57:51" component="Config" type="1" Message="Setting button yellow"
LTIC000141 date="01-02-2018" time="13:57:51" component="Config" type="1" Message="Autodiscover URL changed"
LTIC000141 date="01-02-2018" time="13:57:51" component="Config" type="1" Message="Setting button yellow"
LTIC000141 date="01-02-2018" time="13:57:53" component="Config" type="2" Message="Testing Autodiscover"
LTIC000141 date="01-02-2018" time="13:57:53" component="Config" type="1" Message="User defined url is https://lyncdiscover.icomm.com.au"
LTIC000141 date="01-02-2018" time="13:57:53" component="Config" type="1" Message="Invoking webrequest"
LTIC000141 date="01-02-2018" time="13:57:53" component="Config" type="1" Message="got data, parsing"
LTIC000141 date="01-02-2018" time="13:57:54" component="Config" type="1" Message="Found BaseURL https://webcomp2.icomm.com.au"
LTIC000141 date="01-02-2018" time="13:57:54" component="Config" type="1" Message="Found OauthURL https://webcomp2.icomm.com.au/Autodiscover/AutodiscoverService.svc/root/oauth/user?originalDomain=icomm.com.au"
LTIC000141 date="01-02-2018" time="13:57:54" component="Config" type="2" Message="AutoDiscover test passed, Found UCWA details"
LTIC000141 date="01-02-2018" time="13:58:02" component="Config" type="1" Message="Autodiscover URL changed"
LTIC000141 date="01-02-2018" time="13:58:02" component="Config" type="1" Message="Setting button yellow"
LTIC000141 date="01-02-2018" time="13:58:02" component="Config" type="1" Message="Autodiscover URL changed"
LTIC000141 date="01-02-2018" time="13:58:02" component="Config" type="1" Message="Setting button yellow"
LTIC000141 date="01-02-2018" time="13:58:02" component="Config" type="1" Message="Autodiscover URL changed"
LTIC000141 date="01-02-2018" time="13:58:02" component="Config" type="1" Message="Setting button yellow"
LTIC000141 date="01-02-2018" time="13:58:02" component="Config" type="1" Message="Autodiscover URL changed"
LTIC000141 date="01-02-2018" time="13:58:02" component="Config" type="1" Message="Setting button yellow"
LTIC000141 date="01-02-2018" time="13:58:03" component="Config" type="1" Message="Autodiscover URL changed"
LTIC000141 date="01-02-2018" time="13:58:03" component="Config" type="1" Message="Setting button yellow"
LTIC000141 date="01-02-2018" time="13:58:03" component="Config" type="1" Message="Autodiscover URL changed"
LTIC000141 date="01-02-2018" time="13:58:03" component="Config" type="1" Message="Setting button yellow"
LTIC000141 date="01-02-2018" time="13:58:03" component="Config" type="1" Message="Autodiscover URL changed"
LTIC000141 date="01-02-2018" time="13:58:03" component="Config" type="1" Message="Setting button yellow"
LTIC000141 date="01-02-2018" time="13:58:04" component="Config" type="1" Message="Autodiscover URL changed"
LTIC000141 date="01-02-2018" time="13:58:04" component="Config" type="1" Message="Setting button yellow"
LTIC000141 date="01-02-2018" time="13:58:04" component="Config" type="1" Message="Autodiscover URL changed"
LTIC000141 date="01-02-2018" time="13:58:04" component="Config" type="1" Message="Setting button yellow"
LTIC000141 date="01-02-2018" time="13:58:06" component="Config" type="1" Message="Autodiscover URL changed"
LTIC000141 date="01-02-2018" time="13:58:06" component="Config" type="1" Message="Setting button yellow"
LTIC000141 date="01-02-2018" time="13:58:06" component="Config" type="1" Message="Autodiscover URL changed"
LTIC000141 date="01-02-2018" time="13:58:06" component="Config" type="1" Message="Setting button yellow"
LTIC000141 date="01-02-2018" time="13:58:06" component="Config" type="1" Message="Autodiscover URL changed"
LTIC000141 date="01-02-2018" time="13:58:06" component="Config" type="1" Message="Setting button yellow"
LTIC000141 date="01-02-2018" time="13:58:06" component="Config" type="1" Message="Autodiscover URL changed"
LTIC000141 date="01-02-2018" time="13:58:06" component="Config" type="1" Message="Setting button yellow"
LTIC000141 date="01-02-2018" time="13:58:07" component="Config" type="1" Message="Autodiscover URL changed"
LTIC000141 date="01-02-2018" time="13:58:07" component="Config" type="1" Message="Setting button yellow"
LTIC000141 date="01-02-2018" time="13:58:07" component="Config" type="1" Message="Autodiscover URL changed"
LTIC000141 date="01-02-2018" time="13:58:07" component="Config" type="1" Message="Setting button yellow"
LTIC000141 date="01-02-2018" time="13:58:07" component="Config" type="1" Message="Autodiscover URL changed"
LTIC000141 date="01-02-2018" time="13:58:07" component="Config" type="1" Message="Setting button yellow"
LTIC000141 date="01-02-2018" time="13:58:09" component="Config" type="2" Message="Testing Autodiscover"
LTIC000141 date="01-02-2018" time="13:58:09" component="Config" type="1" Message="User defined url is https://lyncdiscover.skype4badmin.com"
LTIC000141 date="01-02-2018" time="13:58:09" component="Config" type="1" Message="Invoking webrequest"
LTIC000141 date="01-02-2018" time="13:58:09" component="Config" type="3" Message="Something went wrong getting to the AutoDiscover URL or the data was bad"
LTIC000141 date="01-02-2018" time="13:58:09" component="Config" type="1" Message="Setting button red"
LTIC000141 date="01-02-2018" time="13:58:34" component="Config" type="1" Message="Autodiscover URL changed"
LTIC000141 date="01-02-2018" time="13:58:34" component="Config" type="1" Message="Setting button yellow"
LTIC000141 date="01-02-2018" time="13:58:34" component="Config" type="1" Message="Autodiscover URL changed"
LTIC000141 date="01-02-2018" time="13:58:34" component="Config" type="1" Message="Setting button yellow"
LTIC000141 date="01-02-2018" time="13:58:34" component="Config" type="1" Message="Autodiscover URL changed"
LTIC000141 date="01-02-2018" time="13:58:34" component="Config" type="1" Message="Setting button yellow"
LTIC000141 date="01-02-2018" time="13:58:34" component="Config" type="1" Message="Autodiscover URL changed"
LTIC000141 date="01-02-2018" time="13:58:34" component="Config" type="1" Message="Setting button yellow"
LTIC000141 date="01-02-2018" time="13:58:34" component="Config" type="1" Message="Autodiscover URL changed"
LTIC000141 date="01-02-2018" time="13:58:34" component="Config" type="1" Message="Setting button yellow"
LTIC000141 date="01-02-2018" time="13:58:35" component="Config" type="1" Message="Autodiscover URL changed"
LTIC000141 date="01-02-2018" time="13:58:35" component="Config" type="1" Message="Setting button yellow"
LTIC000141 date="01-02-2018" time="13:58:35" component="Config" type="1" Message="Autodiscover URL changed"
LTIC000141 date="01-02-2018" time="13:58:35" component="Config" type="1" Message="Setting button yellow"
LTIC000141 date="01-02-2018" time="13:58:35" component="Config" type="1" Message="Autodiscover URL changed"
LTIC000141 date="01-02-2018" time="13:58:35" component="Config" type="1" Message="Setting button yellow"
LTIC000141 date="01-02-2018" time="13:58:35" component="Config" type="1" Message="Autodiscover URL changed"
LTIC000141 date="01-02-2018" time="13:58:35" component="Config" type="1" Message="Setting button yellow"
LTIC000141 date="01-02-2018" time="13:58:35" component="Config" type="1" Message="Autodiscover URL changed"
LTIC000141 date="01-02-2018" time="13:58:35" component="Config" type="1" Message="Setting button yellow"
LTIC000141 date="01-02-2018" time="13:58:35" component="Config" type="1" Message="Autodiscover URL changed"
LTIC000141 date="01-02-2018" time="13:58:35" component="Config" type="1" Message="Setting button yellow"
LTIC000141 date="01-02-2018" time="13:58:35" component="Config" type="1" Message="Autodiscover URL changed"
LTIC000141 date="01-02-2018" time="13:58:35" component="Config" type="1" Message="Setting button yellow"
LTIC000141 date="01-02-2018" time="13:58:38" component="Config" type="2" Message="Testing Autodiscover"
LTIC000141 date="01-02-2018" time="13:58:38" component="Config" type="1" Message="User defined url is https://lyncdiscover.icomm.com.au"
LTIC000141 date="01-02-2018" time="13:58:38" component="Config" type="1" Message="Invoking webrequest"
LTIC000141 date="01-02-2018" time="13:58:38" component="Config" type="1" Message="got data, parsing"
LTIC000141 date="01-02-2018" time="13:58:38" component="Config" type="1" Message="Found BaseURL https://webcomp2.icomm.com.au"
LTIC000141 date="01-02-2018" time="13:58:38" component="Config" type="1" Message="Found OauthURL https://webcomp2.icomm.com.au/Autodiscover/AutodiscoverService.svc/root/oauth/user?originalDomain=icomm.com.au"
LTIC000141 date="01-02-2018" time="13:58:38" component="Config" type="2" Message="AutoDiscover test passed, Found UCWA details"
